time="2025-04-22T19:19:46+05:30" level=fatal msg="❌ Postgres ping failed: parse \"postgres://postgres:Apple\": invalid port \":Apple\" after host"
time="2025-04-22T19:20:08+05:30" level=fatal msg="❌ Postgres ping failed: parse \"postgres://postgres:Apple\": invalid port \":Apple\" after host"
time="2025-04-22T19:22:29+05:30" level=fatal msg="❌ Postgres ping failed: parse \"postgres://postgres:Apple\": invalid port \":Apple\" after host"
time="2025-04-22T19:22:58+05:30" level=fatal msg="❌ Postgres ping failed: parse \"postgres://postgres:Apple\": invalid port \":Apple\" after host"
time="2025-04-22T19:23:23+05:30" level=fatal msg="❌ Postgres ping failed: parse \"postgres://postgres:Apple\": invalid port \":Apple\" after host"
time="2025-04-22T19:23:37+05:30" level=fatal msg="❌ Postgres ping failed: parse \"postgres://postgres:Apple\": invalid port \":Apple\" after host"
time="2025-04-22T19:23:52+05:30" level=fatal msg="❌ Postgres ping failed: parse \"postgres://postgres:Apple\": invalid port \":Apple\" after host"
time="2025-04-22T19:26:51+05:30" level=error msg="❌ Postgres ping failed: parse \"postgres://postgres:Apple\": invalid port \":Apple\" after host"
time="2025-04-22T20:07:53+05:30" level=error msg="❌ Postgres ping failed: parse \"postgres://postgres:Apple\": invalid port \":Apple\" after host"
time="2025-04-22T21:19:53+05:30" level=error msg="❌ Postgres ping failed: parse \"postgres://postgres:Apple\": invalid port \":Apple\" after host"
time="2025-04-22T21:26:12+05:30" level=error msg="❌ Postgres ping failed: parse \"postgres://postgres:Apple\": invalid port \":Apple\" after host"
time="2025-04-22T21:30:35+05:30" level=error msg="❌ Postgres ping failed: parse \"postgres://postgres:Apple\": invalid port \":Apple\" after host"
time="2025-04-22T21:46:24+05:30" level=error msg="❌ Postgres ping failed: parse \"postgres://postgres:Apple\": invalid port \":Apple\" after host"
time="2025-04-22T21:51:43+05:30" level=error msg="❌ Postgres ping failed: parse \"postgres://postgres:Apple\": invalid port \":Apple\" after host"
time="2025-04-22T21:52:18+05:30" level=error msg="❌ Postgres ping failed: parse \"postgres://postgres:Apple\": invalid port \":Apple\" after host"
time="2025-04-22T21:52:52+05:30" level=error msg="❌ Postgres ping failed: parse \"postgres://postgres:Apple\": invalid port \":Apple\" after host"
time="2025-04-22T21:53:08+05:30" level=info msg="✅ Connected to Postgres"
time="2025-04-22T21:53:16+05:30" level=info msg="Request: %s %s took %vGET/health0s"
time="2025-04-22T21:53:25+05:30" level=info msg="Request: %s %s took %vGET/health0s"
time="2025-04-22T21:53:26+05:30" level=info msg="Request: %s %s took %vGET/health0s"
time="2025-04-22T21:57:59+05:30" level=error msg="❌ Postgres ping failed: parse \"postgres://postgres:Apple\": invalid port \":Apple\" after host"
time="2025-04-22T22:00:13+05:30" level=error msg="❌ Postgres ping failed: parse \"postgres://postgres:Apple\": invalid port \":Apple\" after host"
time="2025-04-22T22:03:14+05:30" level=error msg="❌ Postgres ping failed: dial tcp: lookup postgres: no such host"
time="2025-04-22T22:11:00+05:30" level=error msg="❌ Postgres ping failed: pq: database \"activitydb\" does not exist"
time="2025-04-22T22:17:01+05:30" level=error msg="❌ Postgres ping failed: pq: database \"activitydb\" does not exist"
time="2025-04-22T22:21:09+05:30" level=error msg="❌ Postgres ping failed: pq: database \"activitydb\" does not exist"
